#
# There is insufficient memory for the Java Runtime Environment to continue.
# Native memory allocation (mmap) failed to map 257949696 bytes for G1 virtual space
# Possible reasons:
#   The system is out of physical RAM or swap space
#   The process is running with CompressedOops enabled, and the Java Heap may be blocking the growth of the native heap
# Possible solutions:
#   Reduce memory load on the system
#   Increase physical memory or swap space
#   Check if swap backing store is full
#   Decrease Java heap size (-Xmx/-Xms)
#   Decrease number of Java threads
#   Decrease Java thread stack sizes (-Xss)
#   Set larger code cache with -XX:ReservedCodeCacheSize=
#   JVM is running with Zero Based Compressed Oops mode in which the Java heap is
#     placed in the first 32GB address space. The Java Heap base address is the
#     maximum limit for the native heap growth. Please use -XX:HeapBaseMinAddress
#     to set the Java Heap base and to place the Java Heap above 32GB virtual address.
# This output file may be truncated or incomplete.
#
#  Out of Memory Error (os_windows.cpp:3771), pid=12508, tid=23632
#
# JRE version:  (17.0.7) (build )
# Java VM: OpenJDK 64-Bit Server VM (17.0.7+0-b2043.56-10550314, mixed mode, sharing, tiered, compressed oops, compressed class ptrs, g1 gc, windows-amd64)
# No core dump will be written. Minidumps are not enabled by default on client versions of Windows
#

---------------  S U M M A R Y ------------

Command Line: org.jetbrains.kotlin.cli.jvm.K2JVMCompiler @D:\School of Programming\Projects\Android Projects\Flutter\tax_advisory_app-v1.0.3\build\app\20240617_4765582954381217767.compiler.options

Host: AMD Ryzen 7 5700U with Radeon Graphics         , 16 cores, 15G,  Windows 10 , 64 bit Build 19041 (10.0.19041.3636)
Time: Mon Jun 17 21:08:40 2024 E. Africa Standard Time elapsed time: 0.024118 seconds (0d 0h 0m 0s)

---------------  T H R E A D  ---------------

Current thread (0x000001d672e962c0):  JavaThread "Unknown thread" [_thread_in_vm, id=23632, stack(0x000000b793f00000,0x000000b794000000)]

Stack: [0x000000b793f00000,0x000000b794000000]
Native frames: (J=compiled Java code, j=interpreted, Vv=VM code, C=native code)
V  [jvm.dll+0x683bfa]
V  [jvm.dll+0x8430a4]
V  [jvm.dll+0x8449be]
V  [jvm.dll+0x845023]
V  [jvm.dll+0x24ad2f]
V  [jvm.dll+0x680ac9]
V  [jvm.dll+0x67519a]
V  [jvm.dll+0x30b3cb]
V  [jvm.dll+0x312876]
V  [jvm.dll+0x36221e]
V  [jvm.dll+0x36244f]
V  [jvm.dll+0x2e14a8]
V  [jvm.dll+0x2e2414]
V  [jvm.dll+0x814391]
V  [jvm.dll+0x36ffe1]
V  [jvm.dll+0x7f396c]
V  [jvm.dll+0x3f305f]
V  [jvm.dll+0x3f4b91]
C  [jli.dll+0x528f]
C  [ucrtbase.dll+0x21bb2]
C  [KERNEL32.DLL+0x17344]
C  [ntdll.dll+0x4cc91]


---------------  P R O C E S S  ---------------

Threads class SMR info:
_java_thread_list=0x00007ffad4dfd098, length=0, elements={
}

Java Threads: ( => current thread )

Other Threads:
  0x000001d672f012a0 GCTaskThread "GC Thread#0" [stack: 0x000000b794000000,0x000000b794100000] [id=24592]
  0x000001d672f116b0 ConcurrentGCThread "G1 Main Marker" [stack: 0x000000b794100000,0x000000b794200000] [id=26948]
  0x000001d672f11fd0 ConcurrentGCThread "G1 Conc#0" [stack: 0x000000b794200000,0x000000b794300000] [id=26952]

[error occurred during error reporting (printing all threads), id 0xc0000005, EXCEPTION_ACCESS_VIOLATION (0xc0000005) at pc=0x00007ffad45b2087]

VM state: not at safepoint (not fully initialized)

VM Mutex/Monitor currently owned by a thread:  ([mutex/lock_event])
[0x000001d672e91a20] Heap_lock - owner thread: 0x000001d672e962c0

Heap address: 0x000000070a400000, size: 3932 MB, Compressed Oops mode: Zero based, Oop shift amount: 3

CDS archive(s) mapped at: [0x0000000000000000-0x0000000000000000-0x0000000000000000), size 0, SharedBaseAddress: 0x0000000800000000, ArchiveRelocationMode: 0.
Narrow klass base: 0x0000000000000000, Narrow klass shift: 0, Narrow klass range: 0x0

GC Precious Log:
<Empty>

Heap:
 garbage-first heap   total 0K, used 0K [0x000000070a400000, 0x0000000800000000)
  region size 2048K, 0 young (0K), 0 survivors (0K)
 Metaspace       used 0K, committed 0K, reserved 0K
  class space    used 0K, committed 0K, reserved 0K

Heap Regions: E=young(eden), S=young(survivor), O=old, HS=humongous(starts), HC=humongous(continues), CS=collection set, F=free, OA=open archive, CA=closed archive, TAMS=top-at-mark-start (previous, next)

Card table byte_map: [0x000001d6773b0000,0x000001d677b60000] _byte_map_base: 0x000001d673b5e000

Marking Bits (Prev, Next): (CMBitMap*) 0x000001d672f017c0, (CMBitMap*) 0x000001d672f01800
 Prev Bits: [0x000001d678310000, 0x000001d67c080000)
 Next Bits: [0x000001d67c080000, 0x000001d67fdf0000)

GC Heap History (0 events):
No events

Dll operation events (1 events):
Event: 0.014 Loaded shared library C:\Program Files\Android\Android Studio\jbr\bin\java.dll

Deoptimization events (0 events):
No events

Classes unloaded (0 events):
No events

Classes redefined (0 events):
No events

Internal exceptions (0 events):
No events

VM Operations (0 events):
No events

Events (0 events):
No events


Dynamic libraries:
0x00007ff732300000 - 0x00007ff73230a000 	C:\Program Files\Android\Android Studio\jbr\bin\java.exe
0x00007ffb3cb50000 - 0x00007ffb3cd48000 	C:\WINDOWS\SYSTEM32\ntdll.dll
0x00007ffb3bef0000 - 0x00007ffb3bfad000 	C:\WINDOWS\System32\KERNEL32.DLL
0x00007ffb3a320000 - 0x00007ffb3a616000 	C:\WINDOWS\System32\KERNELBASE.dll
0x00007ffb3a650000 - 0x00007ffb3a750000 	C:\WINDOWS\System32\ucrtbase.dll
0x00007ffb0f5b0000 - 0x00007ffb0f5c7000 	C:\Program Files\Android\Android Studio\jbr\bin\jli.dll
0x00007ffb03570000 - 0x00007ffb0358b000 	C:\Program Files\Android\Android Studio\jbr\bin\VCRUNTIME140.dll
0x00007ffb3b820000 - 0x00007ffb3b9bf000 	C:\WINDOWS\System32\USER32.dll
0x00007ffb10cf0000 - 0x00007ffb10f8a000 	C:\WINDOWS\WinSxS\amd64_microsoft.windows.common-controls_6595b64144ccf1df_6.0.19041.4355_none_60b8b9eb71f62e16\COMCTL32.dll
0x00007ffb3a210000 - 0x00007ffb3a232000 	C:\WINDOWS\System32\win32u.dll
0x00007ffb3ad30000 - 0x00007ffb3adce000 	C:\WINDOWS\System32\msvcrt.dll
0x00007ffb3bfb0000 - 0x00007ffb3bfdb000 	C:\WINDOWS\System32\GDI32.dll
0x00007ffb3a7f0000 - 0x00007ffb3a907000 	C:\WINDOWS\System32\gdi32full.dll
0x00007ffb3a750000 - 0x00007ffb3a7ed000 	C:\WINDOWS\System32\msvcp_win.dll
0x00007ffb3c100000 - 0x00007ffb3c12f000 	C:\WINDOWS\System32\IMM32.DLL
0x00007ffb12a80000 - 0x00007ffb12a8c000 	C:\Program Files\Android\Android Studio\jbr\bin\vcruntime140_1.dll
0x00007ffb032f0000 - 0x00007ffb0337d000 	C:\Program Files\Android\Android Studio\jbr\bin\msvcp140.dll
0x00007ffad42c0000 - 0x00007ffad4f40000 	C:\Program Files\Android\Android Studio\jbr\bin\server\jvm.dll
0x00007ffb3be40000 - 0x00007ffb3bef0000 	C:\WINDOWS\System32\ADVAPI32.dll
0x00007ffb3bd40000 - 0x00007ffb3bde0000 	C:\WINDOWS\System32\sechost.dll
0x00007ffb3ba60000 - 0x00007ffb3bb83000 	C:\WINDOWS\System32\RPCRT4.dll
0x00007ffb3a620000 - 0x00007ffb3a647000 	C:\WINDOWS\System32\bcrypt.dll
0x00007ffb11b50000 - 0x00007ffb11b59000 	C:\WINDOWS\SYSTEM32\WSOCK32.dll
0x00007ffb379f0000 - 0x00007ffb37a17000 	C:\WINDOWS\SYSTEM32\WINMM.dll
0x00007ffb2e6f0000 - 0x00007ffb2e6fa000 	C:\WINDOWS\SYSTEM32\VERSION.dll
0x00007ffb3c130000 - 0x00007ffb3c19b000 	C:\WINDOWS\System32\WS2_32.dll
0x00007ffb380a0000 - 0x00007ffb380b2000 	C:\WINDOWS\SYSTEM32\kernel.appcore.dll
0x00007ffb37740000 - 0x00007ffb3774a000 	C:\Program Files\Android\Android Studio\jbr\bin\jimage.dll
0x00007ffb37760000 - 0x00007ffb37944000 	C:\WINDOWS\SYSTEM32\DBGHELP.DLL
0x00007ffb37990000 - 0x00007ffb379c4000 	C:\WINDOWS\SYSTEM32\dbgcore.DLL
0x00007ffb3a240000 - 0x00007ffb3a2c2000 	C:\WINDOWS\System32\bcryptPrimitives.dll
0x00007ffb114d0000 - 0x00007ffb114f5000 	C:\Program Files\Android\Android Studio\jbr\bin\java.dll

dbghelp: loaded successfully - version: 4.0.5 - missing functions: none
symbol engine: initialized successfully - sym options: 0x614 - pdb path: .;C:\Program Files\Android\Android Studio\jbr\bin;C:\WINDOWS\SYSTEM32;C:\WINDOWS\WinSxS\amd64_microsoft.windows.common-controls_6595b64144ccf1df_6.0.19041.4355_none_60b8b9eb71f62e16;C:\Program Files\Android\Android Studio\jbr\bin\server

VM Arguments:
java_command: org.jetbrains.kotlin.cli.jvm.K2JVMCompiler @D:\School of Programming\Projects\Android Projects\Flutter\tax_advisory_app-v1.0.3\build\app\20240617_4765582954381217767.compiler.options
java_class_path (initial): C:\Users\My PC\.gradle\caches\modules-2\files-2.1\org.jetbrains.kotlin\kotlin-compiler-embeddable\1.8.0\eb9118d4bcceaa2a94b2ae2a33a4ddba7c9a947f\kotlin-compiler-embeddable-1.8.0.jar;C:\Users\My PC\.gradle\caches\modules-2\files-2.1\org.jetbrains.kotlin\kotlin-stdlib\1.8.0\1796921c7a3e2e2665a83e6c8d33399336cd39bc\kotlin-stdlib-1.8.0.jar;C:\Users\My PC\.gradle\caches\modules-2\files-2.1\org.jetbrains.kotlin\kotlin-script-runtime\1.8.0\b2f7e760d283cb339974851c222a4c1d48f2d3d\kotlin-script-runtime-1.8.0.jar;C:\Users\My PC\.gradle\caches\modules-2\files-2.1\org.jetbrains.kotlin\kotlin-reflect\1.6.10\1cbe9c92c12a94eea200d23c2bbaedaf3daf5132\kotlin-reflect-1.6.10.jar;C:\Users\My PC\.gradle\caches\modules-2\files-2.1\org.jetbrains.kotlin\kotlin-daemon-embeddable\1.8.0\d255216c551685dc3a7e852b53617f5f01aaaa5c\kotlin-daemon-embeddable-1.8.0.jar;C:\Users\My PC\.gradle\caches\modules-2\files-2.1\org.jetbrains.intellij.deps\trove4j\1.0.20200330\3afb14d5f9ceb459d724e907a21145e8ff394f02\trove4j-1.0.20200330.jar;C:\Users\My PC\.gradle\caches\modules-2\files-2.1\net.java.dev.jna\jna\5.6.0\330f2244e9030119ab3030fc3fededc86713d9cc\jna-5.6.0.jar;C:\Users\My PC\.gradle\caches\modules-2\files-2.1\org.jetbrains.kotlin\kotlin-stdlib-common\1.8.0\f7197e7cc76453ac59f8b0f8d5137cc600becd36\kotlin-stdlib-common-1.8.0.jar;C:\Users\My PC\.gradle\caches\modules-2\files-2.1\org.jetbrains\annotations\13.0\919f0dfe192fb4e063e7dacadee7f8bb9a2672a9\annotations-13.0.jar
Launcher Type: SUN_STANDARD

[Global flags]
     intx CICompilerCount                          = 12                                        {product} {ergonomic}
     uint ConcGCThreads                            = 3                                         {product} {ergonomic}
     uint G1ConcRefinementThreads                  = 13                                        {product} {ergonomic}
   size_t G1HeapRegionSize                         = 2097152                                   {product} {ergonomic}
    uintx GCDrainStackTargetSize                   = 64                                        {product} {ergonomic}
   size_t InitialHeapSize                          = 257949696                                 {product} {ergonomic}
   size_t MarkStackSize                            = 4194304                                   {product} {ergonomic}
   size_t MaxHeapSize                              = 4123000832                                {product} {ergonomic}
   size_t MinHeapDeltaBytes                        = 2097152                                   {product} {ergonomic}
   size_t MinHeapSize                              = 8388608                                   {product} {ergonomic}
    uintx NonNMethodCodeHeapSize                   = 7602480                                {pd product} {ergonomic}
    uintx NonProfiledCodeHeapSize                  = 122027880                              {pd product} {ergonomic}
    uintx ProfiledCodeHeapSize                     = 122027880                              {pd product} {ergonomic}
    uintx ReservedCodeCacheSize                    = 251658240                              {pd product} {ergonomic}
     bool SegmentedCodeCache                       = true                                      {product} {ergonomic}
   size_t SoftMaxHeapSize                          = 4123000832                             {manageable} {ergonomic}
     bool UseCompressedClassPointers               = true                           {product lp64_product} {ergonomic}
     bool UseCompressedOops                        = true                           {product lp64_product} {ergonomic}
     bool UseG1GC                                  = true                                      {product} {ergonomic}
     bool UseLargePagesIndividualAllocation        = false                                  {pd product} {ergonomic}

Logging:
Log output configuration:
 #0: stdout all=warning uptime,level,tags
 #1: stderr all=off uptime,level,tags

Environment Variables:
JAVA_HOME=C:\Program Files\Android\Android Studio\jbr
CLASSPATH=D:\School of Programming\Projects\Android Projects\Flutter\tax_advisory_app-v1.0.3\android\\gradle\wrapper\gradle-wrapper.jar
PATH=C:\Program Files\Android\Android Studio\jbr\bin;C:\Program Files\Common Files\Oracle\Java\javapath;C:\Ruby32-x64\bin;C:\WINDOWS\system32;C:\WINDOWS;C:\WINDOWS\System32\Wbem;C:\WINDOWS\System32\WindowsPowerShell\v1.0\;C:\WINDOWS\System32\OpenSSH\;C:\Program Files\dotnet\;C:\MinGW\bin;C:\php-8.2.4;C:\Program Files\Git\cmd;C:\ProgramData\chocolatey\bin;C:\composer;C:\Users\My PC\GlassFish_Server\bin;C:\flutter\bin;C:\Program Files\nodejs\;C:\Program Files\Amazon\AWSCLIV2\;C:\Program Files\Go\bin;C:\Gradle\gradle-7.4.2\bin;C:\Program Files\Java\jdk-17\bin;;C:\Program Files\Git LFS;C:\Program Files (x86)\Microsoft SQL Server\160\Tools\Binn\;C:\Program Files\Microsoft SQL Server\160\Tools\Binn\;C:\Program Files\Microsoft SQL Server\Client SDK\ODBC\170\Tools\Binn\;C:\Program Files\Microsoft SQL Server\160\DTS\Binn\;C:\Program Files (x86)\Microsoft SQL Server\160\DTS\Binn\;C:\Program Files\Docker\Docker\resources\bin;C:\Users\My PC\AppData\Local\Programs\Python\Python312\Scripts\;C:\Users\My PC\AppData\Local\Programs\Python\Python312\;C:\Program Files\Common Files\Oracle\Java\javapath;C:\Ruby32-x64\bin;C:\Users\My PC\my\Scripts\;C:\Users\My PC\my\;C:\WINDOWS\system32;C:\WINDOWS;C:\WINDOWS\System32\Wbem;C:\WINDOWS\System32\WindowsPowerShell\v1.0\;C:\WINDOWS\System32\OpenSSH\;C:\Program Files\dotnet\;C:\MinGW\bin;C:\php-8.2.4;C:\Program Files\Git\cmd;C:\ProgramData\chocolatey\bin;C:\composer;C:\Users\My PC\GlassFish_Server\bin;C:\flutter\bin;C:\Program Files\nodejs\;C:\Program Files\Amazon\AWSCLIV2\;C:\Program Files\Go\bin;C:\Gradle\gradle-8.2.1\bin;C:\Users\My PC\AppData\Local\Microsoft\WindowsApps;C:\Users\My PC\AppData\Roaming\Composer\vendor\bin;C:\Users\My PC\AppData\Roaming\Pub\Cache\bin;C:\flutter\bin;C:\Users\My PC\AppData\Roaming\npm;C:\Program Files\JetBrains\WebStorm 2023.2\bin;C:\tools\dart-sdk\bin;C:\Ruby32-x64\bin;C:\Users\My PC\go\bin;C:\Users\My PC\AppData\Local\Gi;C:\Program Files\New Relic\New Relic CLI\;%;C:\Users\My PC\AppData\Local\Programs\Microsoft VS
USERNAME=My PC
OS=Windows_NT
PROCESSOR_IDENTIFIER=AMD64 Family 23 Model 104 Stepping 1, AuthenticAMD
TMP=C:\Users\MYPC~1\AppData\Local\Temp
TEMP=C:\Users\MYPC~1\AppData\Local\Temp


JNI global refs:
JNI global refs: 0, weak refs: 0

JNI global refs memory usage: 0, weak refs: 0

OOME stack traces (most recent first):
Classloader memory used:


---------------  S Y S T E M  ---------------

OS:
 Windows 10 , 64 bit Build 19041 (10.0.19041.3636)
OS uptime: 0 days 7:23 hours
Hyper-V role detected

CPU: total 16 (initial active 16) (16 cores per cpu, 2 threads per core) family 23 model 104 stepping 1 microcode 0x0, cx8, cmov, fxsr, ht, mmx, 3dnowpref, sse, sse2, sse3, ssse3, sse4a, sse4.1, sse4.2, popcnt, lzcnt, tsc, tscinvbit, avx, avx2, aes, clmul, bmi1, bmi2, adx, sha, fma, vzeroupper, clflush, clflushopt, hv

Memory: 4k page, system-wide physical 15720M (818M free)
TotalPageFile size 26599M (AvailPageFile size 135M)
current process WorkingSet (physical memory assigned to process): 10M, peak: 10M
current process commit charge ("private bytes"): 70M, peak: 316M

vm_info: OpenJDK 64-Bit Server VM (17.0.7+0-b2043.56-10550314) for windows-amd64 JRE (17.0.7+0-b2043.56-10550314), built on Jul 24 2023 18:27:45 by "androidbuild" with MS VC++ 16.10 / 16.11 (VS2019)

END.
